<?xml version="1.0" encoding="UTF-8"?>
<!-- Generated by org.testng.reporters.JUnitReportReporter -->
<testsuite hostname="DESKTOP-KIQJJPS" failures="0" tests="4" name="Testng.OrangeHRMtest" time="11.143" errors="0" timestamp="2024-09-09T16:36:27 EDT" skipped="0">
  <testcase classname="Testng.OrangeHRMtest" name="openapp" time="3.259"/>
  <system-out/>
  <testcase classname="Testng.OrangeHRMtest" name="testlogo" time="3.033"/>
  <system-out/>
  <testcase classname="Testng.OrangeHRMtest" name="login" time="4.655"/>
  <system-out/>
  <testcase classname="Testng.OrangeHRMtest" name="logout" time="0.196"/>
  <system-out/>
</testsuite> <!-- Testng.OrangeHRMtest -->
