<?xml version="1.0" encoding="UTF-8"?>
<!-- Generated by org.testng.reporters.JUnitReportReporter -->
<testsuite hostname="DESKTOP-KIQJJPS" failures="0" tests="1" name="Testng.Dataprovidedemo" time="0.924" errors="0" timestamp="2024-09-16T16:27:25 EDT" skipped="0">
  <testcase classname="Testng.Dataprovidedemo" name="testlogin" time="0.924"/>
  <system-out/>
</testsuite> <!-- Testng.Dataprovidedemo -->
