<?xml version="1.0" encoding="UTF-8"?>
<!-- Generated by org.testng.reporters.JUnitReportReporter -->
<testsuite hostname="DESKTOP-KIQJJPS" failures="0" tests="4" name="Testng.Logintests" time="0.010" errors="0" timestamp="2024-09-16T10:54:02 EDT" skipped="0">
  <testcase classname="Testng.Logintests" name="loginByEmail" time="0.009"/>
  <system-out/>
  <testcase classname="Testng.Logintests" name="loginByFacebook" time="0.001"/>
  <system-out/>
  <testcase classname="Testng.Logintests" name="loginByTwitter" time="0.000"/>
  <system-out/>
  <testcase classname="Testng.Logintests" name="loginByGmail" time="0.000"/>
  <system-out/>
</testsuite> <!-- Testng.Logintests -->
