<?xml version="1.0" encoding="UTF-8"?>
<!-- Generated by org.testng.reporters.JUnitReportReporter -->
<testsuite hostname="DESKTOP-KIQJJPS" failures="0" tests="2" name="Testng.Annotations" time="0.008" errors="0" timestamp="2024-09-12T11:07:26 EDT" skipped="0">
  <testcase classname="Testng.Annotations" name="Search" time="0.007"/>
  <system-out/>
  <testcase classname="Testng.Annotations" name="Advsearch" time="0.001"/>
  <system-out/>
</testsuite> <!-- Testng.Annotations -->
