<?xml version="1.0" encoding="UTF-8"?>
<!-- Generated by org.testng.reporters.JUnitReportReporter -->
<testsuite hostname="DESKTOP-KIQJJPS" failures="0" tests="3" name="Testng.Signuptests" time="0.010" errors="0" timestamp="2024-09-16T10:54:28 EDT" skipped="0">
  <testcase classname="Testng.Signuptests" name="signupbyemail" time="0.008"/>
  <system-out/>
  <testcase classname="Testng.Signuptests" name="signupbyfacebook" time="0.001"/>
  <system-out/>
  <testcase classname="Testng.Signuptests" name="signupbytwitter" time="0.001"/>
  <system-out/>
</testsuite> <!-- Testng.Signuptests -->
