<?xml version="1.0" encoding="UTF-8"?>
<!-- Generated by org.testng.reporters.JUnitReportReporter -->
<testsuite hostname="DESKTOP-KIQJJPS" failures="0" tests="2" name="ClassAnnotations.TestAnn2" time="0.006" errors="0" timestamp="2024-09-12T18:05:12 EDT" skipped="0">
  <testcase classname="ClassAnnotations.TestAnn2" name="X" time="0.001"/>
  <system-out/>
  <testcase classname="ClassAnnotations.TestAnn2" name="X" time="0.005"/>
  <system-out/>
</testsuite> <!-- ClassAnnotations.TestAnn2 -->
