<?xml version="1.0" encoding="UTF-8"?>
<!-- Generated by org.testng.reporters.JUnitReportReporter -->
<testsuite hostname="DESKTOP-KIQJJPS" failures="0" tests="2" name="Testng.Allannotations" time="0.005" errors="0" timestamp="2024-09-16T10:53:16 EDT" skipped="0">
  <testcase classname="Testng.Allannotations" name="TM1" time="0.004"/>
  <system-out/>
  <testcase classname="Testng.Allannotations" name="TM2" time="0.001"/>
  <system-out/>
</testsuite> <!-- Testng.Allannotations -->
