<?xml version="1.0" encoding="UTF-8"?>
<!-- Generated by org.testng.reporters.JUnitReportReporter -->
<testsuite hostname="DESKTOP-KIQJJPS" failures="0" tests="2" name="Testng.Paymenttests" time="0.002" errors="0" timestamp="2024-09-16T10:54:28 EDT" skipped="0">
  <testcase classname="Testng.Paymenttests" name="paymentinrs" time="0.001"/>
  <system-out/>
  <testcase classname="Testng.Paymenttests" name="paymentindollar" time="0.001"/>
  <system-out/>
</testsuite> <!-- Testng.Paymenttests -->
