<?xml version="1.0" encoding="UTF-8"?>
<!-- Generated by org.testng.reporters.JUnitReportReporter -->
<testsuite hostname="DESKTOP-KIQJJPS" failures="0" tests="3" name="Testng.fIRSTTESTCASE" time="0.011" errors="0" timestamp="2024-09-09T16:36:27 EDT" skipped="0">
  <testcase classname="Testng.fIRSTTESTCASE" name="logout" time="0.009"/>
  <system-out/>
  <testcase classname="Testng.fIRSTTESTCASE" name="openapp" time="0.001"/>
  <system-out/>
  <testcase classname="Testng.fIRSTTESTCASE" name="login" time="0.001"/>
  <system-out/>
</testsuite> <!-- Testng.fIRSTTESTCASE -->
