<?xml version="1.0" encoding="UTF-8"?>
<!-- Generated by org.testng.reporters.JUnitReportReporter -->
<testsuite hostname="DESKTOP-KIQJJPS" failures="0" tests="2" name="ClassAnnotations.TestAnn3" time="0.002" errors="0" timestamp="2024-09-12T18:05:12 EDT" skipped="0">
  <testcase classname="ClassAnnotations.TestAnn3" name="i" time="0.001"/>
  <system-out/>
  <testcase classname="ClassAnnotations.TestAnn3" name="i" time="0.001"/>
  <system-out/>
</testsuite> <!-- ClassAnnotations.TestAnn3 -->
